<?xml version="1.0" encoding="UTF-8"?>
<!-- Generated by org.testng.reporters.JUnitXMLReporter -->
<testsuite ignored="0" hostname="DESKTOP-O29OAAI" failures="0" tests="4" name="myTest" time="14.343" errors="0" timestamp="2024-10-13T16:29:38 IST">
  <testcase classname="TestNGConcept.OrangeHRM" name="launchApplication" time="9.093"/>
  <testcase classname="TestNGConcept.OrangeHRM" name="testLogo" time="3.066"/>
  <testcase classname="TestNGConcept.OrangeHRM" name="loginApplicaiton" time="1.707"/>
  <testcase classname="TestNGConcept.OrangeHRM" name="logoutApplication" time="0.4"/>
</testsuite> <!-- myTest -->
