<?xml version="1.0" encoding="UTF-8"?>
<!-- Generated by org.testng.reporters.JUnitXMLReporter -->
<testsuite ignored="6" hostname="DESKTOP-O29OAAI" failures="0" tests="3" name="groupingTest" time="0.159" errors="0" timestamp="2024-10-14T15:03:08 IST">
  <testcase classname="GroupingConceptInTestNG.LoginTest" name="loginByEmail" time="0.039"/>
  <testcase classname="GroupingConceptInTestNG.SignupTest" name="signupByTwitter" time="0.002"/>
  <testcase classname="GroupingConceptInTestNG.PaymentTest" name="paymentInEuro" time="0.002"/>
  <testcase classname="GroupingConceptInTestNG.SignupTest" name="signupByEmail" time="0.0">
    <ignored/>
  </testcase> <!-- signupByEmail -->
  <testcase classname="GroupingConceptInTestNG.LoginTest" name="loginByTwitter" time="0.0">
    <ignored/>
  </testcase> <!-- loginByTwitter -->
  <testcase classname="GroupingConceptInTestNG.PaymentTest" name="paymentInDollar" time="0.0">
    <ignored/>
  </testcase> <!-- paymentInDollar -->
  <testcase classname="GroupingConceptInTestNG.PaymentTest" name="paymentInRupees" time="0.0">
    <ignored/>
  </testcase> <!-- paymentInRupees -->
  <testcase classname="GroupingConceptInTestNG.SignupTest" name="signupByfacebook" time="0.0">
    <ignored/>
  </testcase> <!-- signupByfacebook -->
  <testcase classname="GroupingConceptInTestNG.LoginTest" name="loginByFacebook" time="0.0">
    <ignored/>
  </testcase> <!-- loginByFacebook -->
</testsuite> <!-- groupingTest -->
