<?xml version="1.0" encoding="UTF-8"?>
<!-- Generated by org.testng.reporters.JUnitXMLReporter -->
<testsuite ignored="0" hostname="DESKTOP-O29OAAI" failures="0" tests="3" name="chromeTest" time="39.501" errors="0" timestamp="2024-10-14T19:11:13 IST">
  <testcase classname="ParametrizationInTestNG.ParamTestingConcept" name="logoTest" time="2.095"/>
  <testcase classname="ParametrizationInTestNG.ParamTestingConcept" name="titleTest" time="0.743"/>
  <testcase classname="ParametrizationInTestNG.ParamTestingConcept" name="urlTest" time="0.055"/>
</testsuite> <!-- chromeTest -->
