<?xml version="1.0" encoding="UTF-8"?>
<!-- Generated by org.testng.reporters.JUnitXMLReporter -->
<testsuite ignored="0" hostname="DESKTOP-O29OAAI" failures="0" tests="3" name="ParamTest" time="20.779" errors="0" timestamp="2024-10-14T19:19:43 IST">
  <testcase classname="ParametrizationInTestNG.ParamTestingConcept" name="logoTest" time="5.037"/>
  <testcase classname="ParametrizationInTestNG.ParamTestingConcept" name="titleTest" time="0.058"/>
  <testcase classname="ParametrizationInTestNG.ParamTestingConcept" name="urlTest" time="0.05"/>
</testsuite> <!-- ParamTest -->
