<?xml version="1.0" encoding="UTF-8"?>
<!-- Generated by org.testng.reporters.JUnitXMLReporter -->
<testsuite ignored="0" hostname="DESKTOP-O29OAAI" failures="0" tests="4" name="beforeAndAfterTest1" time="0.258" errors="0" timestamp="2024-10-13T17:56:54 IST">
  <testcase classname="TestNGConcept.BeforeAndAfterTest1" name="advanceSearch" time="0.045"/>
  <testcase classname="TestNGConcept.BeforeAndAfterTest1" name="search" time="0.004"/>
  <testcase classname="TestNGConcept.BeforeAndAfterTest2" name="advanceSearch" time="0.004"/>
  <testcase classname="TestNGConcept.BeforeAndAfterTest2" name="search" time="0.008"/>
</testsuite> <!-- beforeAndAfterTest1 -->
