<?xml version="1.0" encoding="UTF-8"?>
<!-- Generated by org.testng.reporters.JUnitXMLReporter -->
<testsuite ignored="0" hostname="DESKTOP-O29OAAI" failures="0" tests="4" name="beforeAndAfterTest" time="0.093" errors="0" timestamp="2024-10-13T17:41:43 IST">
  <testcase classname="TestNGConcept.BeforeAndAfterTest1" name="advanceSearch" time="0.006"/>
  <testcase classname="TestNGConcept.BeforeAndAfterTest1" name="search" time="0.003"/>
  <testcase classname="TestNGConcept.BeforeAndAfterTest2" name="advanceSearch" time="0.003"/>
  <testcase classname="TestNGConcept.BeforeAndAfterTest2" name="search" time="0.003"/>
</testsuite> <!-- beforeAndAfterTest -->
