<?xml version="1.0" encoding="UTF-8"?>
<testng-results ignored="0" total="1" passed="1" failed="0" skipped="0">
  <reporter-output>
  </reporter-output>
  <suite started-at="2024-10-19T18:40:10 IST" name="Suite" finished-at="2024-10-19T18:40:28 IST" duration-ms="17452">
    <groups>
    </groups>
    <test started-at="2024-10-19T18:40:10 IST" name="Test" finished-at="2024-10-19T18:40:28 IST" duration-ms="17452">
      <class name="PageObjectModel.LoginTest">
        <test-method is-config="true" signature="setup()[pri:0, instance:PageObjectModel.LoginTest@434a63ab]" started-at="2024-10-19T18:40:10 IST" name="setup" finished-at="2024-10-19T18:40:21 IST" duration-ms="10279" status="PASS">
          <reporter-output>
          </reporter-output>
        </test-method> <!-- setup -->
        <test-method signature="loginTest()[pri:0, instance:PageObjectModel.LoginTest@434a63ab]" started-at="2024-10-19T18:40:21 IST" name="loginTest" finished-at="2024-10-19T18:40:27 IST" duration-ms="6537" status="PASS">
          <reporter-output>
          </reporter-output>
        </test-method> <!-- loginTest -->
        <test-method is-config="true" signature="tearDown()[pri:0, instance:PageObjectModel.LoginTest@434a63ab]" started-at="2024-10-19T18:40:27 IST" name="tearDown" finished-at="2024-10-19T18:40:28 IST" duration-ms="563" status="PASS">
          <reporter-output>
          </reporter-output>
        </test-method> <!-- tearDown -->
      </class> <!-- PageObjectModel.LoginTest -->
    </test> <!-- Test -->
  </suite> <!-- Suite -->
</testng-results>
